<?xml version="1.0" encoding="UTF-8"?>
<robot generator="Robot 3.2.2 (Python 3.9.1 on win32)" generated="20210913 11:49:54.703" rpa="false">
<suite id="s1" name="JyotiGetmodel-id" source="C:\Users\JyotirmayeeBehuria\PycharmProjects\Labelf Project\Tests\JyotiGetmodel-id.robot">
<test id="s1-t1" name="Test to get deployed model API">
<kw name="Begin Web Test" library="keywords-modelid" type="setup">
<kw name="Open Browser" library="SeleniumLibrary">
<doc>Opens a new browser instance to the optional ``url``.</doc>
<arguments>
<arg>about:blank</arg>
<arg>${BROWSER}</arg>
</arguments>
<msg timestamp="20210913 11:49:55.598" level="INFO">Opening browser 'chrome' to base url 'about:blank'.</msg>
<status status="PASS" starttime="20210913 11:49:55.597" endtime="20210913 11:49:59.779"></status>
</kw>
<kw name="Maximize Browser Window" library="SeleniumLibrary">
<doc>Maximizes current browser window.</doc>
<status status="PASS" starttime="20210913 11:49:59.780" endtime="20210913 11:49:59.927"></status>
</kw>
<kw name="Go To" library="SeleniumLibrary">
<doc>Navigates the current browser window to the provided ``url``.</doc>
<arguments>
<arg>${URL}</arg>
</arguments>
<msg timestamp="20210913 11:49:59.927" level="INFO">Opening url 'https://app.labelf.ai/login/'</msg>
<status status="PASS" starttime="20210913 11:49:59.927" endtime="20210913 11:50:05.205"></status>
</kw>
<status status="PASS" starttime="20210913 11:49:55.594" endtime="20210913 11:50:05.205"></status>
</kw>
<kw name="Given that the user on the home page" library="keywords-modelid">
<kw name="Input Text" library="SeleniumLibrary">
<doc>Types the given ``text`` into the text field identified by ``locator``.</doc>
<arguments>
<arg>xpath://*[@id="app"]/div/main/div/div/div/div/div/div[1]/form/div[1]/div[2]/div[1]/div/input</arg>
<arg>Jyotirmayee.behuria@iths.se</arg>
</arguments>
<msg timestamp="20210913 11:50:05.207" level="INFO">Typing text 'Jyotirmayee.behuria@iths.se' into text field 'xpath://*[@id="app"]/div/main/div/div/div/div/div/div[1]/form/div[1]/div[2]/div[1]/div/input'.</msg>
<status status="PASS" starttime="20210913 11:50:05.207" endtime="20210913 11:50:05.952"></status>
</kw>
<kw name="Input Text" library="SeleniumLibrary">
<doc>Types the given ``text`` into the text field identified by ``locator``.</doc>
<arguments>
<arg>xpath://*[@id="password"]</arg>
<arg>Iths123</arg>
</arguments>
<msg timestamp="20210913 11:50:05.953" level="INFO">Typing text 'Iths123' into text field 'xpath://*[@id="password"]'.</msg>
<status status="PASS" starttime="20210913 11:50:05.952" endtime="20210913 11:50:06.449"></status>
</kw>
<kw name="Click Button" library="SeleniumLibrary">
<doc>Clicks the button identified by ``locator``.</doc>
<arguments>
<arg>xpath://*[@id="app"]/div/main/div/div/div/div/div/div[2]/button</arg>
</arguments>
<msg timestamp="20210913 11:50:06.450" level="INFO">Clicking button 'xpath://*[@id="app"]/div/main/div/div/div/div/div/div[2]/button'.</msg>
<status status="PASS" starttime="20210913 11:50:06.449" endtime="20210913 11:50:06.774"></status>
</kw>
<kw name="Wait Until Page Does Not Contain" library="SeleniumLibrary">
<doc>Waits until ``text`` disappears from the current page.</doc>
<arguments>
<arg>(login, timeout=None, error=None)</arg>
</arguments>
<status status="PASS" starttime="20210913 11:50:06.774" endtime="20210913 11:50:06.805"></status>
</kw>
<kw name="Set Selenium Speed" library="SeleniumLibrary">
<doc>Sets the delay that is waited after each Selenium command.</doc>
<arguments>
<arg>1</arg>
</arguments>
<status status="PASS" starttime="20210913 11:50:06.805" endtime="20210913 11:50:06.807"></status>
</kw>
<kw name="Page Should Contain" library="SeleniumLibrary">
<doc>Verifies that current page contains ``text``.</doc>
<arguments>
<arg>Labelf</arg>
</arguments>
<msg timestamp="20210913 11:50:08.879" level="INFO">Current page contains text 'Labelf'.</msg>
<status status="PASS" starttime="20210913 11:50:06.808" endtime="20210913 11:50:08.879"></status>
</kw>
<kw name="Click Button" library="SeleniumLibrary">
<doc>Clicks the button identified by ``locator``.</doc>
<arguments>
<arg>xpath://*[@id="app"]/div/main/div/div/div/div/div/div[2]/button</arg>
</arguments>
<msg timestamp="20210913 11:50:08.880" level="INFO">Clicking button 'xpath://*[@id="app"]/div/main/div/div/div/div/div/div[2]/button'.</msg>
<status status="PASS" starttime="20210913 11:50:08.880" endtime="20210913 11:50:13.997"></status>
</kw>
<kw name="Wait Until Page Contains" library="SeleniumLibrary">
<doc>Waits until ``text`` appears on the current page.</doc>
<arguments>
<arg>Logged in</arg>
</arguments>
<status status="PASS" starttime="20210913 11:50:13.997" endtime="20210913 11:50:15.020"></status>
</kw>
<kw name="Set Selenium Speed" library="SeleniumLibrary">
<doc>Sets the delay that is waited after each Selenium command.</doc>
<arguments>
<arg>1</arg>
</arguments>
<status status="PASS" starttime="20210913 11:50:15.020" endtime="20210913 11:50:15.021"></status>
</kw>
<kw name="Go To" library="SeleniumLibrary">
<doc>Navigates the current browser window to the provided ``url``.</doc>
<arguments>
<arg>https://app.labelf.ai/main/58/datasets/view</arg>
</arguments>
<msg timestamp="20210913 11:50:15.021" level="INFO">Opening url 'https://app.labelf.ai/main/58/datasets/view'</msg>
<status status="PASS" starttime="20210913 11:50:15.021" endtime="20210913 11:50:18.024"></status>
</kw>
<kw name="Page Should Contain" library="SeleniumLibrary">
<doc>Verifies that current page contains ``text``.</doc>
<arguments>
<arg>Datasets</arg>
</arguments>
<msg timestamp="20210913 11:50:20.071" level="INFO">Current page contains text 'Datasets'.</msg>
<status status="PASS" starttime="20210913 11:50:18.025" endtime="20210913 11:50:20.071"></status>
</kw>
<status status="PASS" starttime="20210913 11:50:05.206" endtime="20210913 11:50:20.071"></status>
</kw>
<kw name="When user clicks on the Overview" library="keywords-modelid">
<kw name="Click Element" library="SeleniumLibrary">
<doc>Click the element identified by ``locator``.</doc>
<arguments>
<arg>xpath://*[@id="app"]/div[6]/div[1]/main/div/div/div[2]/div/div[1]/div/div[2]/a[1]/div</arg>
</arguments>
<msg timestamp="20210913 11:50:20.074" level="INFO">Clicking element 'xpath://*[@id="app"]/div[6]/div[1]/main/div/div/div[2]/div/div[1]/div/div[2]/a[1]/div'.</msg>
<status status="PASS" starttime="20210913 11:50:20.073" endtime="20210913 11:50:22.261"></status>
</kw>
<kw name="Wait Until Page Contains" library="SeleniumLibrary">
<doc>Waits until ``text`` appears on the current page.</doc>
<arguments>
<arg>Description</arg>
</arguments>
<status status="PASS" starttime="20210913 11:50:22.261" endtime="20210913 11:50:23.288"></status>
</kw>
<status status="PASS" starttime="20210913 11:50:20.072" endtime="20210913 11:50:23.288"></status>
</kw>
<kw name="And user clicks on the deploy and on deploy model to API" library="keywords-modelid">
<kw name="Click Element" library="SeleniumLibrary">
<doc>Click the element identified by ``locator``.</doc>
<arguments>
<arg>xpath://*[@id="app"]/div[3]/div[1]/main/div/div/div[1]/div/div/div/nav/div/a[3]/div</arg>
</arguments>
<msg timestamp="20210913 11:50:23.290" level="INFO">Clicking element 'xpath://*[@id="app"]/div[3]/div[1]/main/div/div/div[1]/div/div/div/nav/div/a[3]/div'.</msg>
<status status="PASS" starttime="20210913 11:50:23.289" endtime="20210913 11:50:25.378"></status>
</kw>
<kw name="Page Should Contain" library="SeleniumLibrary">
<doc>Verifies that current page contains ``text``.</doc>
<arguments>
<arg>Deploy / Download</arg>
</arguments>
<msg timestamp="20210913 11:50:27.416" level="INFO">Current page contains text 'Deploy / Download'.</msg>
<status status="PASS" starttime="20210913 11:50:25.378" endtime="20210913 11:50:27.416"></status>
</kw>
<kw name="Click Element" library="SeleniumLibrary">
<doc>Click the element identified by ``locator``.</doc>
<arguments>
<arg>xpath://*[@id="app"]/div[4]/div[1]/main/div/div/div[2]/div/div/div[1]/div[2]/div/div/button[2]/div</arg>
</arguments>
<msg timestamp="20210913 11:50:27.417" level="INFO">Clicking element 'xpath://*[@id="app"]/div[4]/div[1]/main/div/div/div[2]/div/div/div[1]/div[2]/div/div/button[2]/div'.</msg>
<status status="PASS" starttime="20210913 11:50:27.416" endtime="20210913 11:50:29.543"></status>
</kw>
<status status="PASS" starttime="20210913 11:50:23.289" endtime="20210913 11:50:29.543"></status>
</kw>
<kw name="Then user should able to see the added current deployed API and can delete the same API" library="keywords-modelid">
<kw name="Wait Until Page Contains" library="SeleniumLibrary">
<doc>Waits until ``text`` appears on the current page.</doc>
<arguments>
<arg>Model name: Ebike-model</arg>
</arguments>
<status status="PASS" starttime="20210913 11:50:29.545" endtime="20210913 11:50:30.579"></status>
</kw>
<kw name="Sleep" library="BuiltIn">
<doc>Pauses the test executed for the given time.</doc>
<arguments>
<arg>5</arg>
</arguments>
<msg timestamp="20210913 11:50:35.592" level="INFO">Slept 5 seconds</msg>
<status status="PASS" starttime="20210913 11:50:30.579" endtime="20210913 11:50:35.592"></status>
</kw>
<kw name="Click Element" library="SeleniumLibrary">
<doc>Click the element identified by ``locator``.</doc>
<arguments>
<arg>xpath: //*[@id="app"]/div[4]/div[1]/main/div/div/div[2]/div/div/div[1]/div[2]/div/div/div[1]/div/button/div</arg>
</arguments>
<msg timestamp="20210913 11:50:35.592" level="INFO">Clicking element 'xpath: //*[@id="app"]/div[4]/div[1]/main/div/div/div[2]/div/div/div[1]/div[2]/div/div/div[1]/div/button/div'.</msg>
<status status="PASS" starttime="20210913 11:50:35.592" endtime="20210913 11:50:37.741"></status>
</kw>
<kw name="Wait Until Page Contains" library="SeleniumLibrary">
<doc>Waits until ``text`` appears on the current page.</doc>
<arguments>
<arg>Deploy / Download</arg>
</arguments>
<status status="PASS" starttime="20210913 11:50:37.741" endtime="20210913 11:50:38.769"></status>
</kw>
<status status="PASS" starttime="20210913 11:50:29.544" endtime="20210913 11:50:38.769"></status>
</kw>
<kw name="End Web Test" library="keywords-modelid" type="teardown">
<kw name="Close Browser" library="SeleniumLibrary">
<doc>Closes the current browser.</doc>
<status status="PASS" starttime="20210913 11:50:38.771" endtime="20210913 11:50:42.421"></status>
</kw>
<status status="PASS" starttime="20210913 11:50:38.770" endtime="20210913 11:50:42.422"></status>
</kw>
<doc>Deploying the model API</doc>
<tags>
<tag>deployed API</tag>
</tags>
<status status="PASS" starttime="20210913 11:49:55.592" endtime="20210913 11:50:42.422" critical="yes"></status>
</test>
<doc>Testar Selenium och RobotFramework</doc>
<status status="PASS" starttime="20210913 11:49:54.708" endtime="20210913 11:50:42.425"></status>
</suite>
<statistics>
<total>
<stat pass="1" fail="0">Critical Tests</stat>
<stat pass="1" fail="0">All Tests</stat>
</total>
<tag>
<stat pass="1" fail="0">deployed API</stat>
</tag>
<suite>
<stat pass="1" fail="0" id="s1" name="JyotiGetmodel-id">JyotiGetmodel-id</stat>
</suite>
</statistics>
<errors>
</errors>
</robot>
